<?xml version="1.0" encoding="UTF-8"?>
<testsuite xmlns:xsi="http://www.w3.org/2001/XMLSchema-instance" xsi:noNamespaceSchemaLocation="https://maven.apache.org/surefire/maven-surefire-plugin/xsd/surefire-test-report-3.0.xsd" version="3.0" name="com.apexglobal.worker.infrastructure.kafka.OrderConsumerTest" time="3.765" tests="1" errors="0" skipped="0" failures="0">
  <properties>
[...]
</properties>
  <testcase name="shouldProcessMessageWhenNewMessageArrives" classname="com.apexglobal.worker.infrastructure.kafka.OrderConsumerTest" time="3.734">
    <system-err><![CDATA[jul. 29, 2024 7:54:42 P. M. org.junit.platform.launcher.core.LauncherConfigurationParameters loadClasspathResource
ADVERTENCIA: Discovered 2 'junit-platform.properties' configuration files in the classpath; only the first will be used.
jul. 29, 2024 7:54:42 P. M. org.junit.platform.launcher.core.LauncherConfigurationParameters loadClasspathResource
ADVERTENCIA: Discovered 2 'junit-platform.properties' configuration files in the classpath; only the first will be used.
jul. 29, 2024 7:54:42 P. M. org.junit.platform.launcher.core.LauncherConfigurationParameters loadClasspathResource
ADVERTENCIA: Discovered 2 'junit-platform.properties' configuration files in the classpath; only the first will be used.
jul. 29, 2024 7:54:42 P. M. org.junit.platform.launcher.core.LauncherConfigurationParameters loadClasspathResource
ADVERTENCIA: Discovered 2 'junit-platform.properties' configuration files in the classpath; only the first will be used.
jul. 29, 2024 7:54:42 P. M. org.junit.platform.launcher.core.LauncherConfigurationParameters loadClasspathResource
ADVERTENCIA: Discovered 2 'junit-platform.properties' configuration files in the classpath; only the first will be used.
jul. 29, 2024 7:54:42 P. M. org.junit.platform.launcher.core.LauncherConfigurationParameters loadClasspathResource
ADVERTENCIA: Discovered 2 'junit-platform.properties' configuration files in the classpath; only the first will be used.
WARNING: A Java agent has been loaded dynamically (/home/angeljoel/.m2/repository/net/bytebuddy/byte-buddy-agent/1.14.18/byte-buddy-agent-1.14.18.jar)
WARNING: If a serviceability tool is in use, please run with -XX:+EnableDynamicAgentLoading to hide this warning
WARNING: If a serviceability tool is not in use, please run with -Djdk.instrument.traceUsage for more information
WARNING: Dynamic loading of agents will be disallowed by default in a future release
]]></system-err>
  </testcase>
</testsuite>